2023-11-10 21:53:05,462 [Worker-1: Loading available Gradle versions] INFO  o.e.b.c.i.u.g.PublishedGradleVersions - Gradle version information cache is out-of-date. Trying to update.
2023-11-10 21:53:06,036 [Worker-1: Loading available Gradle versions] INFO  o.e.b.c.i.u.g.PublishedGradleVersions - Updating Gradle version information cache failed. Using outdated cache.
2023-11-10 21:53:38,666 [Worker-3: Importing Maven projects] INFO  o.e.m.c.i.l.LifecycleMappingFactory - Using org.eclipse.m2e.jdt.JarLifecycleMapping lifecycle mapping for MavenProject: com.services.departmentservice:com.services.departmentservice:0.0.1-SNAPSHOT @ C:\LakshmiNarayanan\Trainings\Microservices\DepartmentServices\departmentservice\pom.xml.
2023-11-10 21:53:39,067 [Worker-3: Importing Maven projects] INFO  o.e.m.c.i.l.LifecycleMappingFactory - Using org.eclipse.m2e.jdt.JarLifecycleMapping lifecycle mapping for MavenProject: com.services.employmentservice:com.services.employmentservice:0.0.1-SNAPSHOT @ C:\LakshmiNarayanan\Trainings\Microservices\EmploymentServices\employmentservice\pom.xml.
2023-11-10 21:53:39,962 [Worker-3: Importing Maven projects] INFO  o.e.m.j.i.AbstractJavaProjectConfigurator - Adding source folder /com.services.employmentservice/src/main/java
2023-11-10 21:53:39,962 [Worker-3: Importing Maven projects] INFO  o.e.m.j.i.AbstractJavaProjectConfigurator - Adding resource folder /com.services.employmentservice/src/main/resources
2023-11-10 21:53:39,968 [Worker-3: Importing Maven projects] INFO  o.e.m.j.i.AbstractJavaProjectConfigurator - Adding resource folder /com.services.employmentservice/src/main/resources
2023-11-10 21:53:39,974 [Worker-3: Importing Maven projects] INFO  o.e.m.j.i.AbstractJavaProjectConfigurator - Adding source folder /com.services.employmentservice/src/test/java
2023-11-10 21:53:41,160 [Worker-3: Importing Maven projects] INFO  o.e.m.j.i.AbstractJavaProjectConfigurator - Adding source folder /com.services.departmentservice/src/main/java
2023-11-10 21:53:41,161 [Worker-3: Importing Maven projects] INFO  o.e.m.j.i.AbstractJavaProjectConfigurator - Adding resource folder /com.services.departmentservice/src/main/resources
2023-11-10 21:53:41,165 [Worker-3: Importing Maven projects] INFO  o.e.m.j.i.AbstractJavaProjectConfigurator - Adding resource folder /com.services.departmentservice/src/main/resources
2023-11-10 21:53:41,171 [Worker-3: Importing Maven projects] INFO  o.e.m.j.i.AbstractJavaProjectConfigurator - Adding source folder /com.services.departmentservice/src/test/java
2023-11-10 21:53:41,659 [Worker-3: Importing Maven projects] INFO  o.e.m.c.i.p.ProjectConfigurationManager - Imported and configured 2 project(s) in 4 sec
2023-11-10 21:53:41,796 [Worker-8: Updating Maven Project] INFO  o.e.m.c.i.p.ProjectConfigurationManager - Update started
2023-11-10 21:53:42,026 [Worker-8: Updating Maven Project] INFO  o.e.m.c.i.l.LifecycleMappingFactory - Using org.eclipse.m2e.jdt.JarLifecycleMapping lifecycle mapping for MavenProject: com.services.departmentservice:com.services.departmentservice:0.0.1-SNAPSHOT @ C:\LakshmiNarayanan\Trainings\Microservices\DepartmentServices\departmentservice\pom.xml.
2023-11-10 21:53:42,472 [Worker-8: Updating Maven Project] INFO  o.e.m.j.i.AbstractJavaProjectConfigurator - Adding source folder /com.services.departmentservice/src/main/java
2023-11-10 21:53:42,473 [Worker-8: Updating Maven Project] INFO  o.e.m.j.i.AbstractJavaProjectConfigurator - Adding resource folder /com.services.departmentservice/src/main/resources
2023-11-10 21:53:42,473 [Worker-8: Updating Maven Project] INFO  o.e.m.j.i.AbstractJavaProjectConfigurator - Adding resource folder /com.services.departmentservice/src/main/resources
2023-11-10 21:53:42,474 [Worker-8: Updating Maven Project] INFO  o.e.m.j.i.AbstractJavaProjectConfigurator - Adding source folder /com.services.departmentservice/src/test/java
2023-11-10 21:53:42,817 [Worker-8: Updating Maven Project] INFO  o.e.m.c.i.p.ProjectConfigurationManager - Update completed for 1 poms: local refresh takes 0.00 sec, refresh facades takes 0.00 sec, update config takes 0.00 sec 
2023-11-10 21:54:13,537 [Worker-0: Building] INFO  o.e.m.c.i.l.LifecycleMappingFactory - Using org.eclipse.m2e.jdt.JarLifecycleMapping lifecycle mapping for MavenProject: com.services.departmentservice:com.services.departmentservice:0.0.1-SNAPSHOT @ C:\LakshmiNarayanan\Trainings\Microservices\DepartmentServices\departmentservice\pom.xml.
2023-11-10 21:54:15,560 [Worker-10: Building] INFO  o.a.m.s.f.DefaultMavenResourcesFiltering - Copying 1 resource from src\main\resources to target\classes
2023-11-10 21:54:15,576 [Worker-10: Building] INFO  o.a.m.s.f.DefaultMavenResourcesFiltering - Copying 0 resource from src\main\resources to target\classes
2023-11-10 21:54:15,581 [Worker-10: Building] INFO  o.a.m.s.f.DefaultMavenResourcesFiltering - skip non existing resourceDirectory C:\LakshmiNarayanan\Trainings\Microservices\DepartmentServices\departmentservice\src\test\resources
2023-11-10 21:54:25,125 [Worker-4: Building] INFO  o.e.m.c.i.l.LifecycleMappingFactory - Using org.eclipse.m2e.jdt.JarLifecycleMapping lifecycle mapping for MavenProject: com.services.employmentservice:com.services.employmentservice:0.0.1-SNAPSHOT @ C:\LakshmiNarayanan\Trainings\Microservices\EmploymentServices\employmentservice\pom.xml.
2023-11-10 21:54:26,890 [Worker-3: Building] INFO  o.a.m.s.f.DefaultMavenResourcesFiltering - Copying 1 resource from src\main\resources to target\classes
2023-11-10 21:54:26,903 [Worker-3: Building] INFO  o.a.m.s.f.DefaultMavenResourcesFiltering - Copying 0 resource from src\main\resources to target\classes
2023-11-10 21:54:26,907 [Worker-3: Building] INFO  o.a.m.s.f.DefaultMavenResourcesFiltering - skip non existing resourceDirectory C:\LakshmiNarayanan\Trainings\Microservices\EmploymentServices\employmentservice\src\test\resources
2023-11-10 21:56:29,526 [Worker-11: Building] INFO  o.a.m.s.f.DefaultMavenResourcesFiltering - Copying 0 resource from src\main\resources to target\classes
2023-11-10 21:56:29,527 [Worker-11: Building] INFO  o.a.m.s.f.DefaultMavenResourcesFiltering - Copying 0 resource from src\main\resources to target\classes
2023-11-10 21:56:29,530 [Worker-11: Building] INFO  o.a.m.s.f.DefaultMavenResourcesFiltering - skip non existing resourceDirectory C:\LakshmiNarayanan\Trainings\Microservices\DepartmentServices\departmentservice\src\test\resources
2023-11-10 21:56:29,543 [Worker-11: Building] INFO  o.a.m.s.f.DefaultMavenResourcesFiltering - Copying 0 resource from src\main\resources to target\classes
2023-11-10 21:56:29,543 [Worker-11: Building] INFO  o.a.m.s.f.DefaultMavenResourcesFiltering - Copying 0 resource from src\main\resources to target\classes
2023-11-10 21:56:29,546 [Worker-11: Building] INFO  o.a.m.s.f.DefaultMavenResourcesFiltering - skip non existing resourceDirectory C:\LakshmiNarayanan\Trainings\Microservices\EmploymentServices\employmentservice\src\test\resources
2023-11-10 21:56:32,153 [Worker-9: Building] INFO  o.a.m.s.f.DefaultMavenResourcesFiltering - Copying 1 resource from src\main\resources to target\classes
2023-11-10 21:56:32,168 [Worker-9: Building] INFO  o.a.m.s.f.DefaultMavenResourcesFiltering - Copying 0 resource from src\main\resources to target\classes
2023-11-10 21:56:32,172 [Worker-9: Building] INFO  o.a.m.s.f.DefaultMavenResourcesFiltering - skip non existing resourceDirectory C:\LakshmiNarayanan\Trainings\Microservices\DepartmentServices\departmentservice\src\test\resources
2023-11-10 21:56:32,289 [Worker-9: Building] INFO  o.a.m.s.f.DefaultMavenResourcesFiltering - Copying 1 resource from src\main\resources to target\classes
2023-11-10 21:56:32,292 [Worker-9: Building] INFO  o.a.m.s.f.DefaultMavenResourcesFiltering - Copying 0 resource from src\main\resources to target\classes
2023-11-10 21:56:32,295 [Worker-9: Building] INFO  o.a.m.s.f.DefaultMavenResourcesFiltering - skip non existing resourceDirectory C:\LakshmiNarayanan\Trainings\Microservices\EmploymentServices\employmentservice\src\test\resources
2023-11-10 21:56:56,348 [main] INFO  o.e.m2e.actions.ExecutePomAction - Creating new launch configuration
2023-11-10 21:57:02,100 [Worker-12: Launching employmentservice] INFO  o.eclipse.m2e.core.internal.Bundles - getClasspathEntries(Bundle=org.eclipse.m2e.maven.runtime_3.8.604.20221130-2149 [606])
2023-11-10 21:57:02,103 [Worker-12: Launching employmentservice] INFO  o.eclipse.m2e.core.internal.Bundles - 	Entry: C:\LakshmiNarayanan\Eclipse\eclipse\plugins\org.eclipse.m2e.maven.runtime_3.8.604.20221130-2149
2023-11-10 21:57:02,104 [Worker-12: Launching employmentservice] INFO  o.eclipse.m2e.core.internal.Bundles - 	Entry: C:\LakshmiNarayanan\Eclipse\eclipse\plugins\org.eclipse.m2e.maven.runtime_3.8.604.20221130-2149\jars\aether-connector-okhttp-0.17.8.jar
2023-11-10 21:57:02,104 [Worker-12: Launching employmentservice] INFO  o.eclipse.m2e.core.internal.Bundles - 	Entry: C:\LakshmiNarayanan\Eclipse\eclipse\plugins\org.eclipse.m2e.maven.runtime_3.8.604.20221130-2149\jars\commons-cli-1.4.jar
2023-11-10 21:57:02,104 [Worker-12: Launching employmentservice] INFO  o.eclipse.m2e.core.internal.Bundles - 	Entry: C:\LakshmiNarayanan\Eclipse\eclipse\plugins\org.eclipse.m2e.maven.runtime_3.8.604.20221130-2149\jars\commons-io-2.6.jar
2023-11-10 21:57:02,104 [Worker-12: Launching employmentservice] INFO  o.eclipse.m2e.core.internal.Bundles - 	Entry: C:\LakshmiNarayanan\Eclipse\eclipse\plugins\org.eclipse.m2e.maven.runtime_3.8.604.20221130-2149\jars\commons-lang3-3.8.1.jar
2023-11-10 21:57:02,105 [Worker-12: Launching employmentservice] INFO  o.eclipse.m2e.core.internal.Bundles - 	Entry: C:\LakshmiNarayanan\Eclipse\eclipse\plugins\org.eclipse.m2e.maven.runtime_3.8.604.20221130-2149\jars\guice-4.2.2-no_aop.jar
2023-11-10 21:57:02,105 [Worker-12: Launching employmentservice] INFO  o.eclipse.m2e.core.internal.Bundles - 	Entry: C:\LakshmiNarayanan\Eclipse\eclipse\plugins\org.eclipse.m2e.maven.runtime_3.8.604.20221130-2149\jars\jansi-2.4.0.jar
2023-11-10 21:57:02,105 [Worker-12: Launching employmentservice] INFO  o.eclipse.m2e.core.internal.Bundles - 	Entry: C:\LakshmiNarayanan\Eclipse\eclipse\plugins\org.eclipse.m2e.maven.runtime_3.8.604.20221130-2149\jars\maven-artifact-3.8.6.jar
2023-11-10 21:57:02,105 [Worker-12: Launching employmentservice] INFO  o.eclipse.m2e.core.internal.Bundles - 	Entry: C:\LakshmiNarayanan\Eclipse\eclipse\plugins\org.eclipse.m2e.maven.runtime_3.8.604.20221130-2149\jars\maven-builder-support-3.8.6.jar
2023-11-10 21:57:02,105 [Worker-12: Launching employmentservice] INFO  o.eclipse.m2e.core.internal.Bundles - 	Entry: C:\LakshmiNarayanan\Eclipse\eclipse\plugins\org.eclipse.m2e.maven.runtime_3.8.604.20221130-2149\jars\maven-compat-3.8.6.jar
2023-11-10 21:57:02,105 [Worker-12: Launching employmentservice] INFO  o.eclipse.m2e.core.internal.Bundles - 	Entry: C:\LakshmiNarayanan\Eclipse\eclipse\plugins\org.eclipse.m2e.maven.runtime_3.8.604.20221130-2149\jars\maven-core-3.8.6.jar
2023-11-10 21:57:02,105 [Worker-12: Launching employmentservice] INFO  o.eclipse.m2e.core.internal.Bundles - 	Entry: C:\LakshmiNarayanan\Eclipse\eclipse\plugins\org.eclipse.m2e.maven.runtime_3.8.604.20221130-2149\jars\maven-embedder-3.8.6.jar
2023-11-10 21:57:02,105 [Worker-12: Launching employmentservice] INFO  o.eclipse.m2e.core.internal.Bundles - 	Entry: C:\LakshmiNarayanan\Eclipse\eclipse\plugins\org.eclipse.m2e.maven.runtime_3.8.604.20221130-2149\jars\maven-model-3.8.6.jar
2023-11-10 21:57:02,106 [Worker-12: Launching employmentservice] INFO  o.eclipse.m2e.core.internal.Bundles - 	Entry: C:\LakshmiNarayanan\Eclipse\eclipse\plugins\org.eclipse.m2e.maven.runtime_3.8.604.20221130-2149\jars\maven-model-builder-3.8.6.jar
2023-11-10 21:57:02,106 [Worker-12: Launching employmentservice] INFO  o.eclipse.m2e.core.internal.Bundles - 	Entry: C:\LakshmiNarayanan\Eclipse\eclipse\plugins\org.eclipse.m2e.maven.runtime_3.8.604.20221130-2149\jars\maven-plugin-api-3.8.6.jar
2023-11-10 21:57:02,106 [Worker-12: Launching employmentservice] INFO  o.eclipse.m2e.core.internal.Bundles - 	Entry: C:\LakshmiNarayanan\Eclipse\eclipse\plugins\org.eclipse.m2e.maven.runtime_3.8.604.20221130-2149\jars\maven-repository-metadata-3.8.6.jar
2023-11-10 21:57:02,106 [Worker-12: Launching employmentservice] INFO  o.eclipse.m2e.core.internal.Bundles - 	Entry: C:\LakshmiNarayanan\Eclipse\eclipse\plugins\org.eclipse.m2e.maven.runtime_3.8.604.20221130-2149\jars\maven-resolver-api-1.6.3.jar
2023-11-10 21:57:02,106 [Worker-12: Launching employmentservice] INFO  o.eclipse.m2e.core.internal.Bundles - 	Entry: C:\LakshmiNarayanan\Eclipse\eclipse\plugins\org.eclipse.m2e.maven.runtime_3.8.604.20221130-2149\jars\maven-resolver-connector-basic-1.6.3.jar
2023-11-10 21:57:02,106 [Worker-12: Launching employmentservice] INFO  o.eclipse.m2e.core.internal.Bundles - 	Entry: C:\LakshmiNarayanan\Eclipse\eclipse\plugins\org.eclipse.m2e.maven.runtime_3.8.604.20221130-2149\jars\maven-resolver-impl-1.6.3.jar
2023-11-10 21:57:02,106 [Worker-12: Launching employmentservice] INFO  o.eclipse.m2e.core.internal.Bundles - 	Entry: C:\LakshmiNarayanan\Eclipse\eclipse\plugins\org.eclipse.m2e.maven.runtime_3.8.604.20221130-2149\jars\maven-resolver-provider-3.8.6.jar
2023-11-10 21:57:02,106 [Worker-12: Launching employmentservice] INFO  o.eclipse.m2e.core.internal.Bundles - 	Entry: C:\LakshmiNarayanan\Eclipse\eclipse\plugins\org.eclipse.m2e.maven.runtime_3.8.604.20221130-2149\jars\maven-resolver-spi-1.6.3.jar
2023-11-10 21:57:02,107 [Worker-12: Launching employmentservice] INFO  o.eclipse.m2e.core.internal.Bundles - 	Entry: C:\LakshmiNarayanan\Eclipse\eclipse\plugins\org.eclipse.m2e.maven.runtime_3.8.604.20221130-2149\jars\maven-resolver-transport-wagon-1.6.3.jar
2023-11-10 21:57:02,107 [Worker-12: Launching employmentservice] INFO  o.eclipse.m2e.core.internal.Bundles - 	Entry: C:\LakshmiNarayanan\Eclipse\eclipse\plugins\org.eclipse.m2e.maven.runtime_3.8.604.20221130-2149\jars\maven-resolver-util-1.6.3.jar
2023-11-10 21:57:02,107 [Worker-12: Launching employmentservice] INFO  o.eclipse.m2e.core.internal.Bundles - 	Entry: C:\LakshmiNarayanan\Eclipse\eclipse\plugins\org.eclipse.m2e.maven.runtime_3.8.604.20221130-2149\jars\maven-settings-3.8.6.jar
2023-11-10 21:57:02,107 [Worker-12: Launching employmentservice] INFO  o.eclipse.m2e.core.internal.Bundles - 	Entry: C:\LakshmiNarayanan\Eclipse\eclipse\plugins\org.eclipse.m2e.maven.runtime_3.8.604.20221130-2149\jars\maven-settings-builder-3.8.6.jar
2023-11-10 21:57:02,107 [Worker-12: Launching employmentservice] INFO  o.eclipse.m2e.core.internal.Bundles - 	Entry: C:\LakshmiNarayanan\Eclipse\eclipse\plugins\org.eclipse.m2e.maven.runtime_3.8.604.20221130-2149\jars\maven-shared-utils-3.3.4.jar
2023-11-10 21:57:02,107 [Worker-12: Launching employmentservice] INFO  o.eclipse.m2e.core.internal.Bundles - 	Entry: C:\LakshmiNarayanan\Eclipse\eclipse\plugins\org.eclipse.m2e.maven.runtime_3.8.604.20221130-2149\jars\okhttp-3.14.1.jar
2023-11-10 21:57:02,108 [Worker-12: Launching employmentservice] INFO  o.eclipse.m2e.core.internal.Bundles - 	Entry: C:\LakshmiNarayanan\Eclipse\eclipse\plugins\org.eclipse.m2e.maven.runtime_3.8.604.20221130-2149\jars\okio-1.17.3.jar
2023-11-10 21:57:02,108 [Worker-12: Launching employmentservice] INFO  o.eclipse.m2e.core.internal.Bundles - 	Entry: C:\LakshmiNarayanan\Eclipse\eclipse\plugins\org.eclipse.m2e.maven.runtime_3.8.604.20221130-2149\jars\org.eclipse.sisu.inject-0.3.5.jar
2023-11-10 21:57:02,108 [Worker-12: Launching employmentservice] INFO  o.eclipse.m2e.core.internal.Bundles - 	Entry: C:\LakshmiNarayanan\Eclipse\eclipse\plugins\org.eclipse.m2e.maven.runtime_3.8.604.20221130-2149\jars\org.eclipse.sisu.plexus-0.3.5.jar
2023-11-10 21:57:02,108 [Worker-12: Launching employmentservice] INFO  o.eclipse.m2e.core.internal.Bundles - 	Entry: C:\LakshmiNarayanan\Eclipse\eclipse\plugins\org.eclipse.m2e.maven.runtime_3.8.604.20221130-2149\jars\plexus-build-api-0.0.7.jar
2023-11-10 21:57:02,109 [Worker-12: Launching employmentservice] INFO  o.eclipse.m2e.core.internal.Bundles - 	Entry: C:\LakshmiNarayanan\Eclipse\eclipse\plugins\org.eclipse.m2e.maven.runtime_3.8.604.20221130-2149\jars\plexus-cipher-2.0.jar
2023-11-10 21:57:02,109 [Worker-12: Launching employmentservice] INFO  o.eclipse.m2e.core.internal.Bundles - 	Entry: C:\LakshmiNarayanan\Eclipse\eclipse\plugins\org.eclipse.m2e.maven.runtime_3.8.604.20221130-2149\jars\plexus-classworlds-2.6.0.jar
2023-11-10 21:57:02,109 [Worker-12: Launching employmentservice] INFO  o.eclipse.m2e.core.internal.Bundles - 	Entry: C:\LakshmiNarayanan\Eclipse\eclipse\plugins\org.eclipse.m2e.maven.runtime_3.8.604.20221130-2149\jars\plexus-component-annotations-2.1.0.jar
2023-11-10 21:57:02,109 [Worker-12: Launching employmentservice] INFO  o.eclipse.m2e.core.internal.Bundles - 	Entry: C:\LakshmiNarayanan\Eclipse\eclipse\plugins\org.eclipse.m2e.maven.runtime_3.8.604.20221130-2149\jars\plexus-interpolation-1.26.jar
2023-11-10 21:57:02,109 [Worker-12: Launching employmentservice] INFO  o.eclipse.m2e.core.internal.Bundles - 	Entry: C:\LakshmiNarayanan\Eclipse\eclipse\plugins\org.eclipse.m2e.maven.runtime_3.8.604.20221130-2149\jars\plexus-sec-dispatcher-2.0.jar
2023-11-10 21:57:02,109 [Worker-12: Launching employmentservice] INFO  o.eclipse.m2e.core.internal.Bundles - 	Entry: C:\LakshmiNarayanan\Eclipse\eclipse\plugins\org.eclipse.m2e.maven.runtime_3.8.604.20221130-2149\jars\plexus-utils-3.3.1.jar
2023-11-10 21:57:02,109 [Worker-12: Launching employmentservice] INFO  o.eclipse.m2e.core.internal.Bundles - 	Entry: C:\LakshmiNarayanan\Eclipse\eclipse\plugins\org.eclipse.m2e.maven.runtime_3.8.604.20221130-2149\jars\wagon-file-3.5.1.jar
2023-11-10 21:57:02,110 [Worker-12: Launching employmentservice] INFO  o.eclipse.m2e.core.internal.Bundles - 	Entry: C:\LakshmiNarayanan\Eclipse\eclipse\plugins\org.eclipse.m2e.maven.runtime_3.8.604.20221130-2149\jars\wagon-provider-api-3.5.1.jar
2023-11-10 21:57:02,112 [Worker-12: Launching employmentservice] INFO  o.eclipse.m2e.core.internal.Bundles - getClasspathEntries(Bundle=com.google.guava_30.1.0.v20221112-0806 [10])
2023-11-10 21:57:02,113 [Worker-12: Launching employmentservice] INFO  o.eclipse.m2e.core.internal.Bundles - 	Entry: C:\LakshmiNarayanan\Eclipse\eclipse\plugins\com.google.guava_30.1.0.v20221112-0806.jar
2023-11-10 21:57:02,113 [Worker-12: Launching employmentservice] INFO  o.eclipse.m2e.core.internal.Bundles - getClasspathEntries(Bundle=slf4j.api_1.7.36 [918])
2023-11-10 21:57:02,114 [Worker-12: Launching employmentservice] INFO  o.eclipse.m2e.core.internal.Bundles - 	Entry: C:\LakshmiNarayanan\Eclipse\eclipse\plugins\slf4j.api_1.7.36.jar
2023-11-10 21:57:02,114 [Worker-12: Launching employmentservice] INFO  o.eclipse.m2e.core.internal.Bundles - getClasspathEntries(Bundle=javax.inject_1.0.0.v20220405-0441 [32])
2023-11-10 21:57:02,115 [Worker-12: Launching employmentservice] INFO  o.eclipse.m2e.core.internal.Bundles - 	Entry: C:\LakshmiNarayanan\Eclipse\eclipse\plugins\javax.inject_1.0.0.v20220405-0441.jar
2023-11-10 21:57:02,115 [Worker-12: Launching employmentservice] INFO  o.eclipse.m2e.core.internal.Bundles - getClasspathEntries(Bundle=javax.annotation_1.3.5.v20221112-0806 [30])
2023-11-10 21:57:02,116 [Worker-12: Launching employmentservice] INFO  o.eclipse.m2e.core.internal.Bundles - 	Entry: C:\LakshmiNarayanan\Eclipse\eclipse\plugins\javax.annotation_1.3.5.v20221112-0806.jar
2023-11-10 21:57:02,120 [Worker-12: Launching employmentservice] INFO  o.e.m.i.launch.MavenLaunchDelegate - Run build in "C:\LakshmiNarayanan\Trainings\Microservices\EmploymentServices\employmentservice":
2023-11-10 21:57:02,123 [Worker-12: Launching employmentservice] INFO  o.e.m.i.launch.MavenLaunchDelegate -  mvn  -B -Dstyle.color=always clean install
2023-11-10 21:57:14,110 [main] INFO  o.e.m2e.actions.ExecutePomAction - Creating new launch configuration
2023-11-10 21:57:19,263 [Worker-11: Launching departmentservice] INFO  o.e.m.i.launch.MavenLaunchDelegate - Run build in "C:\LakshmiNarayanan\Trainings\Microservices\DepartmentServices\departmentservice":
2023-11-10 21:57:19,263 [Worker-11: Launching departmentservice] INFO  o.e.m.i.launch.MavenLaunchDelegate -  mvn  -B -Dstyle.color=always clean install
2023-11-10 22:03:24,666 [Worker-3: Building] INFO  o.a.m.s.f.DefaultMavenResourcesFiltering - Copying 1 resource from src\main\resources to target\classes
2023-11-10 22:03:24,677 [Worker-3: Building] INFO  o.a.m.s.f.DefaultMavenResourcesFiltering - Copying 0 resource from src\main\resources to target\classes
2023-11-10 22:03:24,682 [Worker-3: Building] INFO  o.a.m.s.f.DefaultMavenResourcesFiltering - skip non existing resourceDirectory C:\LakshmiNarayanan\Trainings\Microservices\DepartmentServices\departmentservice\src\test\resources
2023-11-10 22:03:31,471 [Worker-14: Building] INFO  o.a.m.s.f.DefaultMavenResourcesFiltering - Copying 1 resource from src\main\resources to target\classes
2023-11-10 22:03:31,475 [Worker-14: Building] INFO  o.a.m.s.f.DefaultMavenResourcesFiltering - Copying 0 resource from src\main\resources to target\classes
2023-11-10 22:03:31,479 [Worker-14: Building] INFO  o.a.m.s.f.DefaultMavenResourcesFiltering - skip non existing resourceDirectory C:\LakshmiNarayanan\Trainings\Microservices\EmploymentServices\employmentservice\src\test\resources
2023-11-10 22:08:58,523 [Worker-14: Building] INFO  o.a.m.s.f.DefaultMavenResourcesFiltering - Copying 1 resource from src\main\resources to target\classes
2023-11-10 22:08:58,527 [Worker-14: Building] INFO  o.a.m.s.f.DefaultMavenResourcesFiltering - Copying 0 resource from src\main\resources to target\classes
2023-11-10 22:08:58,530 [Worker-14: Building] INFO  o.a.m.s.f.DefaultMavenResourcesFiltering - skip non existing resourceDirectory C:\LakshmiNarayanan\Trainings\Microservices\DepartmentServices\departmentservice\src\test\resources
2023-11-10 22:09:11,925 [Worker-17: Building] INFO  o.a.m.s.f.DefaultMavenResourcesFiltering - Copying 1 resource from src\main\resources to target\classes
2023-11-10 22:09:11,930 [Worker-17: Building] INFO  o.a.m.s.f.DefaultMavenResourcesFiltering - Copying 0 resource from src\main\resources to target\classes
2023-11-10 22:09:11,934 [Worker-17: Building] INFO  o.a.m.s.f.DefaultMavenResourcesFiltering - skip non existing resourceDirectory C:\LakshmiNarayanan\Trainings\Microservices\DepartmentServices\departmentservice\src\test\resources
2023-11-10 22:10:09,151 [Worker-14: Building] INFO  o.a.m.s.f.DefaultMavenResourcesFiltering - Copying 1 resource from src\main\resources to target\classes
2023-11-10 22:10:09,155 [Worker-14: Building] INFO  o.a.m.s.f.DefaultMavenResourcesFiltering - Copying 0 resource from src\main\resources to target\classes
2023-11-10 22:10:09,159 [Worker-14: Building] INFO  o.a.m.s.f.DefaultMavenResourcesFiltering - skip non existing resourceDirectory C:\LakshmiNarayanan\Trainings\Microservices\DepartmentServices\departmentservice\src\test\resources
2023-11-10 22:10:21,706 [Worker-17: Building] INFO  o.a.m.s.f.DefaultMavenResourcesFiltering - Copying 1 resource from src\main\resources to target\classes
2023-11-10 22:10:21,709 [Worker-17: Building] INFO  o.a.m.s.f.DefaultMavenResourcesFiltering - Copying 0 resource from src\main\resources to target\classes
2023-11-10 22:10:21,714 [Worker-17: Building] INFO  o.a.m.s.f.DefaultMavenResourcesFiltering - skip non existing resourceDirectory C:\LakshmiNarayanan\Trainings\Microservices\DepartmentServices\departmentservice\src\test\resources
2023-11-10 22:10:49,345 [Worker-3: Building] INFO  o.a.m.s.f.DefaultMavenResourcesFiltering - Copying 1 resource from src\main\resources to target\classes
2023-11-10 22:10:49,348 [Worker-3: Building] INFO  o.a.m.s.f.DefaultMavenResourcesFiltering - Copying 0 resource from src\main\resources to target\classes
2023-11-10 22:10:49,350 [Worker-3: Building] INFO  o.a.m.s.f.DefaultMavenResourcesFiltering - skip non existing resourceDirectory C:\LakshmiNarayanan\Trainings\Microservices\DepartmentServices\departmentservice\src\test\resources
2023-11-10 22:11:44,126 [Worker-18: Building] INFO  o.a.m.s.f.DefaultMavenResourcesFiltering - Copying 1 resource from src\main\resources to target\classes
2023-11-10 22:11:44,129 [Worker-18: Building] INFO  o.a.m.s.f.DefaultMavenResourcesFiltering - Copying 0 resource from src\main\resources to target\classes
2023-11-10 22:11:44,132 [Worker-18: Building] INFO  o.a.m.s.f.DefaultMavenResourcesFiltering - skip non existing resourceDirectory C:\LakshmiNarayanan\Trainings\Microservices\DepartmentServices\departmentservice\src\test\resources
2023-11-10 22:12:16,891 [Worker-19: Building] INFO  o.a.m.s.f.DefaultMavenResourcesFiltering - Copying 1 resource from src\main\resources to target\classes
2023-11-10 22:12:16,896 [Worker-19: Building] INFO  o.a.m.s.f.DefaultMavenResourcesFiltering - Copying 0 resource from src\main\resources to target\classes
2023-11-10 22:12:16,899 [Worker-19: Building] INFO  o.a.m.s.f.DefaultMavenResourcesFiltering - skip non existing resourceDirectory C:\LakshmiNarayanan\Trainings\Microservices\DepartmentServices\departmentservice\src\test\resources
2023-11-10 22:12:30,803 [Worker-19: Building] INFO  o.a.m.s.f.DefaultMavenResourcesFiltering - Copying 1 resource from src\main\resources to target\classes
2023-11-10 22:12:30,811 [Worker-19: Building] INFO  o.a.m.s.f.DefaultMavenResourcesFiltering - Copying 0 resource from src\main\resources to target\classes
2023-11-10 22:12:30,814 [Worker-19: Building] INFO  o.a.m.s.f.DefaultMavenResourcesFiltering - skip non existing resourceDirectory C:\LakshmiNarayanan\Trainings\Microservices\DepartmentServices\departmentservice\src\test\resources
2023-11-10 22:12:41,805 [Worker-18: Building] INFO  o.a.m.s.f.DefaultMavenResourcesFiltering - Copying 1 resource from src\main\resources to target\classes
2023-11-10 22:12:41,809 [Worker-18: Building] INFO  o.a.m.s.f.DefaultMavenResourcesFiltering - Copying 0 resource from src\main\resources to target\classes
2023-11-10 22:12:41,812 [Worker-18: Building] INFO  o.a.m.s.f.DefaultMavenResourcesFiltering - skip non existing resourceDirectory C:\LakshmiNarayanan\Trainings\Microservices\DepartmentServices\departmentservice\src\test\resources
2023-11-10 22:12:55,240 [Worker-19: Building] INFO  o.a.m.s.f.DefaultMavenResourcesFiltering - Copying 1 resource from src\main\resources to target\classes
2023-11-10 22:12:55,244 [Worker-19: Building] INFO  o.a.m.s.f.DefaultMavenResourcesFiltering - Copying 0 resource from src\main\resources to target\classes
2023-11-10 22:12:55,248 [Worker-19: Building] INFO  o.a.m.s.f.DefaultMavenResourcesFiltering - skip non existing resourceDirectory C:\LakshmiNarayanan\Trainings\Microservices\DepartmentServices\departmentservice\src\test\resources
2023-11-10 22:13:18,708 [Worker-20: Building] INFO  o.a.m.s.f.DefaultMavenResourcesFiltering - Copying 1 resource from src\main\resources to target\classes
2023-11-10 22:13:18,712 [Worker-20: Building] INFO  o.a.m.s.f.DefaultMavenResourcesFiltering - Copying 0 resource from src\main\resources to target\classes
2023-11-10 22:13:18,714 [Worker-20: Building] INFO  o.a.m.s.f.DefaultMavenResourcesFiltering - skip non existing resourceDirectory C:\LakshmiNarayanan\Trainings\Microservices\DepartmentServices\departmentservice\src\test\resources
2023-11-10 22:13:34,621 [main] INFO  o.e.m2e.actions.ExecutePomAction - Using existing launch configuration
2023-11-10 22:13:34,661 [Worker-18: Launching departmentservice] INFO  o.e.m.i.launch.MavenLaunchDelegate - Run build in "C:\LakshmiNarayanan\Trainings\Microservices\DepartmentServices\departmentservice":
2023-11-10 22:13:34,661 [Worker-18: Launching departmentservice] INFO  o.e.m.i.launch.MavenLaunchDelegate -  mvn  -B -Dstyle.color=always clean install
2023-11-10 22:16:25,556 [Worker-18: Building] INFO  o.a.m.s.f.DefaultMavenResourcesFiltering - Copying 1 resource from src\main\resources to target\classes
2023-11-10 22:16:25,560 [Worker-18: Building] INFO  o.a.m.s.f.DefaultMavenResourcesFiltering - Copying 0 resource from src\main\resources to target\classes
2023-11-10 22:16:25,564 [Worker-18: Building] INFO  o.a.m.s.f.DefaultMavenResourcesFiltering - skip non existing resourceDirectory C:\LakshmiNarayanan\Trainings\Microservices\DepartmentServices\departmentservice\src\test\resources
2023-11-10 22:16:39,783 [Worker-18: Building] INFO  o.a.m.s.f.DefaultMavenResourcesFiltering - Copying 1 resource from src\main\resources to target\classes
2023-11-10 22:16:39,787 [Worker-18: Building] INFO  o.a.m.s.f.DefaultMavenResourcesFiltering - Copying 0 resource from src\main\resources to target\classes
2023-11-10 22:16:39,791 [Worker-18: Building] INFO  o.a.m.s.f.DefaultMavenResourcesFiltering - skip non existing resourceDirectory C:\LakshmiNarayanan\Trainings\Microservices\DepartmentServices\departmentservice\src\test\resources
2023-11-10 22:17:04,892 [Worker-23: Building] INFO  o.a.m.s.f.DefaultMavenResourcesFiltering - Copying 1 resource from src\main\resources to target\classes
2023-11-10 22:17:04,896 [Worker-23: Building] INFO  o.a.m.s.f.DefaultMavenResourcesFiltering - Copying 0 resource from src\main\resources to target\classes
2023-11-10 22:17:04,900 [Worker-23: Building] INFO  o.a.m.s.f.DefaultMavenResourcesFiltering - skip non existing resourceDirectory C:\LakshmiNarayanan\Trainings\Microservices\DepartmentServices\departmentservice\src\test\resources
2023-11-10 22:17:50,127 [Worker-17: Building] INFO  o.a.m.s.f.DefaultMavenResourcesFiltering - Copying 1 resource from src\main\resources to target\classes
2023-11-10 22:17:50,132 [Worker-17: Building] INFO  o.a.m.s.f.DefaultMavenResourcesFiltering - Copying 0 resource from src\main\resources to target\classes
2023-11-10 22:17:50,136 [Worker-17: Building] INFO  o.a.m.s.f.DefaultMavenResourcesFiltering - skip non existing resourceDirectory C:\LakshmiNarayanan\Trainings\Microservices\DepartmentServices\departmentservice\src\test\resources
2023-11-10 22:18:11,227 [Worker-23: Building] INFO  o.a.m.s.f.DefaultMavenResourcesFiltering - Copying 1 resource from src\main\resources to target\classes
2023-11-10 22:18:11,231 [Worker-23: Building] INFO  o.a.m.s.f.DefaultMavenResourcesFiltering - Copying 0 resource from src\main\resources to target\classes
2023-11-10 22:18:11,235 [Worker-23: Building] INFO  o.a.m.s.f.DefaultMavenResourcesFiltering - skip non existing resourceDirectory C:\LakshmiNarayanan\Trainings\Microservices\DepartmentServices\departmentservice\src\test\resources
2023-11-10 22:18:15,634 [Worker-21: Building] INFO  o.a.m.s.f.DefaultMavenResourcesFiltering - Copying 1 resource from src\main\resources to target\classes
2023-11-10 22:18:15,638 [Worker-21: Building] INFO  o.a.m.s.f.DefaultMavenResourcesFiltering - Copying 0 resource from src\main\resources to target\classes
2023-11-10 22:18:15,640 [Worker-21: Building] INFO  o.a.m.s.f.DefaultMavenResourcesFiltering - skip non existing resourceDirectory C:\LakshmiNarayanan\Trainings\Microservices\DepartmentServices\departmentservice\src\test\resources
2023-11-10 22:18:36,084 [Worker-23: Building] INFO  o.a.m.s.f.DefaultMavenResourcesFiltering - Copying 1 resource from src\main\resources to target\classes
2023-11-10 22:18:36,088 [Worker-23: Building] INFO  o.a.m.s.f.DefaultMavenResourcesFiltering - Copying 0 resource from src\main\resources to target\classes
2023-11-10 22:18:36,090 [Worker-23: Building] INFO  o.a.m.s.f.DefaultMavenResourcesFiltering - skip non existing resourceDirectory C:\LakshmiNarayanan\Trainings\Microservices\DepartmentServices\departmentservice\src\test\resources
2023-11-10 22:18:49,600 [Worker-17: Building] INFO  o.a.m.s.f.DefaultMavenResourcesFiltering - Copying 1 resource from src\main\resources to target\classes
2023-11-10 22:18:49,606 [Worker-17: Building] INFO  o.a.m.s.f.DefaultMavenResourcesFiltering - Copying 0 resource from src\main\resources to target\classes
2023-11-10 22:18:49,609 [Worker-17: Building] INFO  o.a.m.s.f.DefaultMavenResourcesFiltering - skip non existing resourceDirectory C:\LakshmiNarayanan\Trainings\Microservices\DepartmentServices\departmentservice\src\test\resources
2023-11-10 22:19:01,839 [Worker-23: Building] INFO  o.a.m.s.f.DefaultMavenResourcesFiltering - Copying 1 resource from src\main\resources to target\classes
2023-11-10 22:19:01,844 [Worker-23: Building] INFO  o.a.m.s.f.DefaultMavenResourcesFiltering - Copying 0 resource from src\main\resources to target\classes
2023-11-10 22:19:01,849 [Worker-23: Building] INFO  o.a.m.s.f.DefaultMavenResourcesFiltering - skip non existing resourceDirectory C:\LakshmiNarayanan\Trainings\Microservices\DepartmentServices\departmentservice\src\test\resources
2023-11-10 22:19:10,743 [Worker-22: Building] INFO  o.a.m.s.f.DefaultMavenResourcesFiltering - Copying 1 resource from src\main\resources to target\classes
2023-11-10 22:19:10,749 [Worker-22: Building] INFO  o.a.m.s.f.DefaultMavenResourcesFiltering - Copying 0 resource from src\main\resources to target\classes
2023-11-10 22:19:10,751 [Worker-22: Building] INFO  o.a.m.s.f.DefaultMavenResourcesFiltering - skip non existing resourceDirectory C:\LakshmiNarayanan\Trainings\Microservices\DepartmentServices\departmentservice\src\test\resources
2023-11-10 22:19:23,319 [Worker-21: Building] INFO  o.a.m.s.f.DefaultMavenResourcesFiltering - Copying 1 resource from src\main\resources to target\classes
2023-11-10 22:19:23,324 [Worker-21: Building] INFO  o.a.m.s.f.DefaultMavenResourcesFiltering - Copying 0 resource from src\main\resources to target\classes
2023-11-10 22:19:23,326 [Worker-21: Building] INFO  o.a.m.s.f.DefaultMavenResourcesFiltering - skip non existing resourceDirectory C:\LakshmiNarayanan\Trainings\Microservices\DepartmentServices\departmentservice\src\test\resources
2023-11-10 22:19:48,865 [Worker-23: Building] INFO  o.a.m.s.f.DefaultMavenResourcesFiltering - Copying 1 resource from src\main\resources to target\classes
2023-11-10 22:19:48,868 [Worker-23: Building] INFO  o.a.m.s.f.DefaultMavenResourcesFiltering - Copying 0 resource from src\main\resources to target\classes
2023-11-10 22:19:48,872 [Worker-23: Building] INFO  o.a.m.s.f.DefaultMavenResourcesFiltering - skip non existing resourceDirectory C:\LakshmiNarayanan\Trainings\Microservices\DepartmentServices\departmentservice\src\test\resources
2023-11-10 22:19:52,474 [Worker-18: Building] INFO  o.a.m.s.f.DefaultMavenResourcesFiltering - Copying 1 resource from src\main\resources to target\classes
2023-11-10 22:19:52,478 [Worker-18: Building] INFO  o.a.m.s.f.DefaultMavenResourcesFiltering - Copying 0 resource from src\main\resources to target\classes
2023-11-10 22:19:52,480 [Worker-18: Building] INFO  o.a.m.s.f.DefaultMavenResourcesFiltering - skip non existing resourceDirectory C:\LakshmiNarayanan\Trainings\Microservices\DepartmentServices\departmentservice\src\test\resources
2023-11-10 22:19:53,499 [Worker-17: Building] INFO  o.a.m.s.f.DefaultMavenResourcesFiltering - Copying 1 resource from src\main\resources to target\classes
2023-11-10 22:19:53,502 [Worker-17: Building] INFO  o.a.m.s.f.DefaultMavenResourcesFiltering - Copying 0 resource from src\main\resources to target\classes
2023-11-10 22:19:53,505 [Worker-17: Building] INFO  o.a.m.s.f.DefaultMavenResourcesFiltering - skip non existing resourceDirectory C:\LakshmiNarayanan\Trainings\Microservices\DepartmentServices\departmentservice\src\test\resources
2023-11-10 22:20:54,278 [Worker-18: Building] INFO  o.a.m.s.f.DefaultMavenResourcesFiltering - Copying 1 resource from src\main\resources to target\classes
2023-11-10 22:20:54,281 [Worker-18: Building] INFO  o.a.m.s.f.DefaultMavenResourcesFiltering - Copying 0 resource from src\main\resources to target\classes
2023-11-10 22:20:54,284 [Worker-18: Building] INFO  o.a.m.s.f.DefaultMavenResourcesFiltering - skip non existing resourceDirectory C:\LakshmiNarayanan\Trainings\Microservices\DepartmentServices\departmentservice\src\test\resources
2023-11-10 22:21:19,436 [Worker-23: Building] INFO  o.a.m.s.f.DefaultMavenResourcesFiltering - Copying 1 resource from src\main\resources to target\classes
2023-11-10 22:21:19,439 [Worker-23: Building] INFO  o.a.m.s.f.DefaultMavenResourcesFiltering - Copying 0 resource from src\main\resources to target\classes
2023-11-10 22:21:19,441 [Worker-23: Building] INFO  o.a.m.s.f.DefaultMavenResourcesFiltering - skip non existing resourceDirectory C:\LakshmiNarayanan\Trainings\Microservices\DepartmentServices\departmentservice\src\test\resources
2023-11-10 22:23:28,948 [Worker-22: Building] INFO  o.a.m.s.f.DefaultMavenResourcesFiltering - Copying 1 resource from src\main\resources to target\classes
2023-11-10 22:23:28,951 [Worker-22: Building] INFO  o.a.m.s.f.DefaultMavenResourcesFiltering - Copying 0 resource from src\main\resources to target\classes
2023-11-10 22:23:28,953 [Worker-22: Building] INFO  o.a.m.s.f.DefaultMavenResourcesFiltering - skip non existing resourceDirectory C:\LakshmiNarayanan\Trainings\Microservices\DepartmentServices\departmentservice\src\test\resources
2023-11-10 22:25:40,943 [Worker-21: Building] INFO  o.a.m.s.f.DefaultMavenResourcesFiltering - Copying 1 resource from src\main\resources to target\classes
2023-11-10 22:25:40,948 [Worker-21: Building] INFO  o.a.m.s.f.DefaultMavenResourcesFiltering - Copying 0 resource from src\main\resources to target\classes
2023-11-10 22:25:40,951 [Worker-21: Building] INFO  o.a.m.s.f.DefaultMavenResourcesFiltering - skip non existing resourceDirectory C:\LakshmiNarayanan\Trainings\Microservices\DepartmentServices\departmentservice\src\test\resources
2023-11-10 22:26:03,579 [Worker-22: Building] INFO  o.a.m.s.f.DefaultMavenResourcesFiltering - Copying 1 resource from src\main\resources to target\classes
2023-11-10 22:26:03,585 [Worker-22: Building] INFO  o.a.m.s.f.DefaultMavenResourcesFiltering - Copying 0 resource from src\main\resources to target\classes
2023-11-10 22:26:03,589 [Worker-22: Building] INFO  o.a.m.s.f.DefaultMavenResourcesFiltering - skip non existing resourceDirectory C:\LakshmiNarayanan\Trainings\Microservices\DepartmentServices\departmentservice\src\test\resources
2023-11-10 22:27:04,174 [Worker-19: Building] INFO  o.a.m.s.f.DefaultMavenResourcesFiltering - Copying 1 resource from src\main\resources to target\classes
2023-11-10 22:27:04,177 [Worker-19: Building] INFO  o.a.m.s.f.DefaultMavenResourcesFiltering - Copying 0 resource from src\main\resources to target\classes
2023-11-10 22:27:04,179 [Worker-19: Building] INFO  o.a.m.s.f.DefaultMavenResourcesFiltering - skip non existing resourceDirectory C:\LakshmiNarayanan\Trainings\Microservices\DepartmentServices\departmentservice\src\test\resources
2023-11-10 22:28:15,146 [Worker-19: Building] INFO  o.a.m.s.f.DefaultMavenResourcesFiltering - Copying 1 resource from src\main\resources to target\classes
2023-11-10 22:28:15,150 [Worker-19: Building] INFO  o.a.m.s.f.DefaultMavenResourcesFiltering - Copying 0 resource from src\main\resources to target\classes
2023-11-10 22:28:15,153 [Worker-19: Building] INFO  o.a.m.s.f.DefaultMavenResourcesFiltering - skip non existing resourceDirectory C:\LakshmiNarayanan\Trainings\Microservices\DepartmentServices\departmentservice\src\test\resources
2023-11-10 22:29:10,622 [Worker-22: Building] INFO  o.a.m.s.f.DefaultMavenResourcesFiltering - Copying 1 resource from src\main\resources to target\classes
2023-11-10 22:29:10,625 [Worker-22: Building] INFO  o.a.m.s.f.DefaultMavenResourcesFiltering - Copying 0 resource from src\main\resources to target\classes
2023-11-10 22:29:10,627 [Worker-22: Building] INFO  o.a.m.s.f.DefaultMavenResourcesFiltering - skip non existing resourceDirectory C:\LakshmiNarayanan\Trainings\Microservices\DepartmentServices\departmentservice\src\test\resources
2023-11-10 22:30:28,387 [main] INFO  o.e.m2e.actions.ExecutePomAction - Using existing launch configuration
2023-11-10 22:30:28,421 [Worker-17: Launching departmentservice] INFO  o.e.m.i.launch.MavenLaunchDelegate - Run build in "C:\LakshmiNarayanan\Trainings\Microservices\DepartmentServices\departmentservice":
2023-11-10 22:30:28,421 [Worker-17: Launching departmentservice] INFO  o.e.m.i.launch.MavenLaunchDelegate -  mvn  -B -Dstyle.color=always clean install
2023-11-10 22:34:16,900 [Worker-31: Building] INFO  o.a.m.s.f.DefaultMavenResourcesFiltering - Copying 1 resource from src\main\resources to target\classes
2023-11-10 22:34:16,903 [Worker-31: Building] INFO  o.a.m.s.f.DefaultMavenResourcesFiltering - Copying 0 resource from src\main\resources to target\classes
2023-11-10 22:34:16,906 [Worker-31: Building] INFO  o.a.m.s.f.DefaultMavenResourcesFiltering - skip non existing resourceDirectory C:\LakshmiNarayanan\Trainings\Microservices\DepartmentServices\departmentservice\src\test\resources
2023-11-10 22:34:17,930 [Worker-29: Building] INFO  o.a.m.s.f.DefaultMavenResourcesFiltering - Copying 1 resource from src\main\resources to target\classes
2023-11-10 22:34:17,935 [Worker-29: Building] INFO  o.a.m.s.f.DefaultMavenResourcesFiltering - Copying 0 resource from src\main\resources to target\classes
2023-11-10 22:34:17,937 [Worker-29: Building] INFO  o.a.m.s.f.DefaultMavenResourcesFiltering - skip non existing resourceDirectory C:\LakshmiNarayanan\Trainings\Microservices\DepartmentServices\departmentservice\src\test\resources
2023-11-10 22:36:17,623 [Worker-28: Building] INFO  o.a.m.s.f.DefaultMavenResourcesFiltering - Copying 1 resource from src\main\resources to target\classes
2023-11-10 22:36:17,628 [Worker-28: Building] INFO  o.a.m.s.f.DefaultMavenResourcesFiltering - Copying 0 resource from src\main\resources to target\classes
2023-11-10 22:36:17,630 [Worker-28: Building] INFO  o.a.m.s.f.DefaultMavenResourcesFiltering - skip non existing resourceDirectory C:\LakshmiNarayanan\Trainings\Microservices\DepartmentServices\departmentservice\src\test\resources
2023-11-10 22:36:46,327 [Worker-33: Building] INFO  o.a.m.s.f.DefaultMavenResourcesFiltering - Copying 1 resource from src\main\resources to target\classes
2023-11-10 22:36:46,330 [Worker-33: Building] INFO  o.a.m.s.f.DefaultMavenResourcesFiltering - Copying 0 resource from src\main\resources to target\classes
2023-11-10 22:36:46,332 [Worker-33: Building] INFO  o.a.m.s.f.DefaultMavenResourcesFiltering - skip non existing resourceDirectory C:\LakshmiNarayanan\Trainings\Microservices\DepartmentServices\departmentservice\src\test\resources
2023-11-10 22:38:14,956 [Worker-34: Building] INFO  o.a.m.s.f.DefaultMavenResourcesFiltering - Copying 1 resource from src\main\resources to target\classes
2023-11-10 22:38:14,960 [Worker-34: Building] INFO  o.a.m.s.f.DefaultMavenResourcesFiltering - Copying 0 resource from src\main\resources to target\classes
2023-11-10 22:38:14,964 [Worker-34: Building] INFO  o.a.m.s.f.DefaultMavenResourcesFiltering - skip non existing resourceDirectory C:\LakshmiNarayanan\Trainings\Microservices\DepartmentServices\departmentservice\src\test\resources
2023-11-10 22:38:20,145 [Worker-35: Building] INFO  o.a.m.s.f.DefaultMavenResourcesFiltering - Copying 1 resource from src\main\resources to target\classes
2023-11-10 22:38:20,149 [Worker-35: Building] INFO  o.a.m.s.f.DefaultMavenResourcesFiltering - Copying 0 resource from src\main\resources to target\classes
2023-11-10 22:38:20,152 [Worker-35: Building] INFO  o.a.m.s.f.DefaultMavenResourcesFiltering - skip non existing resourceDirectory C:\LakshmiNarayanan\Trainings\Microservices\DepartmentServices\departmentservice\src\test\resources
2023-11-10 22:38:23,199 [Worker-34: Building] INFO  o.a.m.s.f.DefaultMavenResourcesFiltering - Copying 1 resource from src\main\resources to target\classes
2023-11-10 22:38:23,203 [Worker-34: Building] INFO  o.a.m.s.f.DefaultMavenResourcesFiltering - Copying 0 resource from src\main\resources to target\classes
2023-11-10 22:38:23,205 [Worker-34: Building] INFO  o.a.m.s.f.DefaultMavenResourcesFiltering - skip non existing resourceDirectory C:\LakshmiNarayanan\Trainings\Microservices\DepartmentServices\departmentservice\src\test\resources
2023-11-10 22:38:32,082 [Worker-28: Building] INFO  o.a.m.s.f.DefaultMavenResourcesFiltering - Copying 1 resource from src\main\resources to target\classes
2023-11-10 22:38:32,085 [Worker-28: Building] INFO  o.a.m.s.f.DefaultMavenResourcesFiltering - Copying 0 resource from src\main\resources to target\classes
2023-11-10 22:38:32,089 [Worker-28: Building] INFO  o.a.m.s.f.DefaultMavenResourcesFiltering - skip non existing resourceDirectory C:\LakshmiNarayanan\Trainings\Microservices\DepartmentServices\departmentservice\src\test\resources
2023-11-10 22:38:44,456 [Worker-35: Building] INFO  o.a.m.s.f.DefaultMavenResourcesFiltering - Copying 1 resource from src\main\resources to target\classes
2023-11-10 22:38:44,459 [Worker-35: Building] INFO  o.a.m.s.f.DefaultMavenResourcesFiltering - Copying 0 resource from src\main\resources to target\classes
2023-11-10 22:38:44,461 [Worker-35: Building] INFO  o.a.m.s.f.DefaultMavenResourcesFiltering - skip non existing resourceDirectory C:\LakshmiNarayanan\Trainings\Microservices\DepartmentServices\departmentservice\src\test\resources
2023-11-10 22:38:54,373 [Worker-36: Building] INFO  o.a.m.s.f.DefaultMavenResourcesFiltering - Copying 1 resource from src\main\resources to target\classes
2023-11-10 22:38:54,376 [Worker-36: Building] INFO  o.a.m.s.f.DefaultMavenResourcesFiltering - Copying 0 resource from src\main\resources to target\classes
2023-11-10 22:38:54,378 [Worker-36: Building] INFO  o.a.m.s.f.DefaultMavenResourcesFiltering - skip non existing resourceDirectory C:\LakshmiNarayanan\Trainings\Microservices\DepartmentServices\departmentservice\src\test\resources
2023-11-10 22:40:00,011 [Worker-33: Building] INFO  o.a.m.s.f.DefaultMavenResourcesFiltering - Copying 1 resource from src\main\resources to target\classes
2023-11-10 22:40:00,016 [Worker-33: Building] INFO  o.a.m.s.f.DefaultMavenResourcesFiltering - Copying 0 resource from src\main\resources to target\classes
2023-11-10 22:40:00,019 [Worker-33: Building] INFO  o.a.m.s.f.DefaultMavenResourcesFiltering - skip non existing resourceDirectory C:\LakshmiNarayanan\Trainings\Microservices\DepartmentServices\departmentservice\src\test\resources
2023-11-10 22:43:07,330 [Worker-39: Building] INFO  o.a.m.s.f.DefaultMavenResourcesFiltering - Copying 1 resource from src\main\resources to target\classes
2023-11-10 22:43:07,334 [Worker-39: Building] INFO  o.a.m.s.f.DefaultMavenResourcesFiltering - Copying 0 resource from src\main\resources to target\classes
2023-11-10 22:43:07,337 [Worker-39: Building] INFO  o.a.m.s.f.DefaultMavenResourcesFiltering - skip non existing resourceDirectory C:\LakshmiNarayanan\Trainings\Microservices\DepartmentServices\departmentservice\src\test\resources
2023-11-10 22:43:53,625 [Worker-28: Building] INFO  o.a.m.s.f.DefaultMavenResourcesFiltering - Copying 1 resource from src\main\resources to target\classes
2023-11-10 22:43:53,629 [Worker-28: Building] INFO  o.a.m.s.f.DefaultMavenResourcesFiltering - Copying 0 resource from src\main\resources to target\classes
2023-11-10 22:43:53,631 [Worker-28: Building] INFO  o.a.m.s.f.DefaultMavenResourcesFiltering - skip non existing resourceDirectory C:\LakshmiNarayanan\Trainings\Microservices\DepartmentServices\departmentservice\src\test\resources
2023-11-10 23:01:37,070 [main] INFO  o.e.m2e.actions.ExecutePomAction - Using existing launch configuration
2023-11-10 23:01:37,104 [Worker-41: Launching departmentservice] INFO  o.e.m.i.launch.MavenLaunchDelegate - Run build in "C:\LakshmiNarayanan\Trainings\Microservices\DepartmentServices\departmentservice":
2023-11-10 23:01:37,104 [Worker-41: Launching departmentservice] INFO  o.e.m.i.launch.MavenLaunchDelegate -  mvn  -B -Dstyle.color=always clean install
2023-11-10 23:07:08,690 [Worker-41: Building] INFO  o.a.m.s.f.DefaultMavenResourcesFiltering - Copying 1 resource from src\main\resources to target\classes
2023-11-10 23:07:08,714 [Worker-41: Building] INFO  o.a.m.s.f.DefaultMavenResourcesFiltering - Copying 0 resource from src\main\resources to target\classes
2023-11-10 23:07:08,718 [Worker-41: Building] INFO  o.a.m.s.f.DefaultMavenResourcesFiltering - skip non existing resourceDirectory C:\LakshmiNarayanan\Trainings\Microservices\EmploymentServices\employmentservice\src\test\resources
2023-11-10 23:07:19,445 [Worker-39: Building] INFO  o.a.m.s.f.DefaultMavenResourcesFiltering - Copying 1 resource from src\main\resources to target\classes
2023-11-10 23:07:19,455 [Worker-39: Building] INFO  o.a.m.s.f.DefaultMavenResourcesFiltering - Copying 0 resource from src\main\resources to target\classes
2023-11-10 23:07:19,457 [Worker-39: Building] INFO  o.a.m.s.f.DefaultMavenResourcesFiltering - skip non existing resourceDirectory C:\LakshmiNarayanan\Trainings\Microservices\EmploymentServices\employmentservice\src\test\resources
2023-11-10 23:07:36,287 [Worker-45: Building] INFO  o.a.m.s.f.DefaultMavenResourcesFiltering - Copying 1 resource from src\main\resources to target\classes
2023-11-10 23:07:36,291 [Worker-45: Building] INFO  o.a.m.s.f.DefaultMavenResourcesFiltering - Copying 0 resource from src\main\resources to target\classes
2023-11-10 23:07:36,294 [Worker-45: Building] INFO  o.a.m.s.f.DefaultMavenResourcesFiltering - skip non existing resourceDirectory C:\LakshmiNarayanan\Trainings\Microservices\EmploymentServices\employmentservice\src\test\resources
2023-11-10 23:07:49,342 [Worker-45: Building] INFO  o.a.m.s.f.DefaultMavenResourcesFiltering - Copying 1 resource from src\main\resources to target\classes
2023-11-10 23:07:49,357 [Worker-45: Building] INFO  o.a.m.s.f.DefaultMavenResourcesFiltering - Copying 0 resource from src\main\resources to target\classes
2023-11-10 23:07:49,360 [Worker-45: Building] INFO  o.a.m.s.f.DefaultMavenResourcesFiltering - skip non existing resourceDirectory C:\LakshmiNarayanan\Trainings\Microservices\EmploymentServices\employmentservice\src\test\resources
2023-11-10 23:08:19,993 [Worker-39: Building] INFO  o.a.m.s.f.DefaultMavenResourcesFiltering - Copying 1 resource from src\main\resources to target\classes
2023-11-10 23:08:20,003 [Worker-39: Building] INFO  o.a.m.s.f.DefaultMavenResourcesFiltering - Copying 0 resource from src\main\resources to target\classes
2023-11-10 23:08:20,005 [Worker-39: Building] INFO  o.a.m.s.f.DefaultMavenResourcesFiltering - skip non existing resourceDirectory C:\LakshmiNarayanan\Trainings\Microservices\EmploymentServices\employmentservice\src\test\resources
2023-11-10 23:08:41,106 [Worker-45: Building] INFO  o.a.m.s.f.DefaultMavenResourcesFiltering - Copying 1 resource from src\main\resources to target\classes
2023-11-10 23:08:41,112 [Worker-45: Building] INFO  o.a.m.s.f.DefaultMavenResourcesFiltering - Copying 0 resource from src\main\resources to target\classes
2023-11-10 23:08:41,116 [Worker-45: Building] INFO  o.a.m.s.f.DefaultMavenResourcesFiltering - skip non existing resourceDirectory C:\LakshmiNarayanan\Trainings\Microservices\EmploymentServices\employmentservice\src\test\resources
2023-11-10 23:10:29,185 [Worker-44: Building] INFO  o.a.m.s.f.DefaultMavenResourcesFiltering - Copying 1 resource from src\main\resources to target\classes
2023-11-10 23:10:29,191 [Worker-44: Building] INFO  o.a.m.s.f.DefaultMavenResourcesFiltering - Copying 0 resource from src\main\resources to target\classes
2023-11-10 23:10:29,194 [Worker-44: Building] INFO  o.a.m.s.f.DefaultMavenResourcesFiltering - skip non existing resourceDirectory C:\LakshmiNarayanan\Trainings\Microservices\EmploymentServices\employmentservice\src\test\resources
2023-11-10 23:12:06,875 [Worker-48: Building] INFO  o.a.m.s.f.DefaultMavenResourcesFiltering - Copying 1 resource from src\main\resources to target\classes
2023-11-10 23:12:06,881 [Worker-48: Building] INFO  o.a.m.s.f.DefaultMavenResourcesFiltering - Copying 0 resource from src\main\resources to target\classes
2023-11-10 23:12:06,885 [Worker-48: Building] INFO  o.a.m.s.f.DefaultMavenResourcesFiltering - skip non existing resourceDirectory C:\LakshmiNarayanan\Trainings\Microservices\EmploymentServices\employmentservice\src\test\resources
2023-11-10 23:12:18,814 [Worker-49: Building] INFO  o.a.m.s.f.DefaultMavenResourcesFiltering - Copying 1 resource from src\main\resources to target\classes
2023-11-10 23:12:18,821 [Worker-49: Building] INFO  o.a.m.s.f.DefaultMavenResourcesFiltering - Copying 0 resource from src\main\resources to target\classes
2023-11-10 23:12:18,824 [Worker-49: Building] INFO  o.a.m.s.f.DefaultMavenResourcesFiltering - skip non existing resourceDirectory C:\LakshmiNarayanan\Trainings\Microservices\EmploymentServices\employmentservice\src\test\resources
2023-11-10 23:12:26,767 [Worker-49: Building] INFO  o.a.m.s.f.DefaultMavenResourcesFiltering - Copying 1 resource from src\main\resources to target\classes
2023-11-10 23:12:26,771 [Worker-49: Building] INFO  o.a.m.s.f.DefaultMavenResourcesFiltering - Copying 0 resource from src\main\resources to target\classes
2023-11-10 23:12:26,773 [Worker-49: Building] INFO  o.a.m.s.f.DefaultMavenResourcesFiltering - skip non existing resourceDirectory C:\LakshmiNarayanan\Trainings\Microservices\EmploymentServices\employmentservice\src\test\resources
2023-11-10 23:12:52,339 [Worker-49: Building] INFO  o.a.m.s.f.DefaultMavenResourcesFiltering - Copying 1 resource from src\main\resources to target\classes
2023-11-10 23:12:52,343 [Worker-49: Building] INFO  o.a.m.s.f.DefaultMavenResourcesFiltering - Copying 0 resource from src\main\resources to target\classes
2023-11-10 23:12:52,346 [Worker-49: Building] INFO  o.a.m.s.f.DefaultMavenResourcesFiltering - skip non existing resourceDirectory C:\LakshmiNarayanan\Trainings\Microservices\EmploymentServices\employmentservice\src\test\resources
2023-11-10 23:13:07,921 [Worker-48: Building] INFO  o.a.m.s.f.DefaultMavenResourcesFiltering - Copying 1 resource from src\main\resources to target\classes
2023-11-10 23:13:07,925 [Worker-48: Building] INFO  o.a.m.s.f.DefaultMavenResourcesFiltering - Copying 0 resource from src\main\resources to target\classes
2023-11-10 23:13:07,929 [Worker-48: Building] INFO  o.a.m.s.f.DefaultMavenResourcesFiltering - skip non existing resourceDirectory C:\LakshmiNarayanan\Trainings\Microservices\EmploymentServices\employmentservice\src\test\resources
2023-11-10 23:13:12,521 [Worker-49: Building] INFO  o.a.m.s.f.DefaultMavenResourcesFiltering - Copying 1 resource from src\main\resources to target\classes
2023-11-10 23:13:12,524 [Worker-49: Building] INFO  o.a.m.s.f.DefaultMavenResourcesFiltering - Copying 0 resource from src\main\resources to target\classes
2023-11-10 23:13:12,527 [Worker-49: Building] INFO  o.a.m.s.f.DefaultMavenResourcesFiltering - skip non existing resourceDirectory C:\LakshmiNarayanan\Trainings\Microservices\EmploymentServices\employmentservice\src\test\resources
2023-11-10 23:13:26,142 [Worker-46: Building] INFO  o.a.m.s.f.DefaultMavenResourcesFiltering - Copying 1 resource from src\main\resources to target\classes
2023-11-10 23:13:26,145 [Worker-46: Building] INFO  o.a.m.s.f.DefaultMavenResourcesFiltering - Copying 0 resource from src\main\resources to target\classes
2023-11-10 23:13:26,149 [Worker-46: Building] INFO  o.a.m.s.f.DefaultMavenResourcesFiltering - skip non existing resourceDirectory C:\LakshmiNarayanan\Trainings\Microservices\EmploymentServices\employmentservice\src\test\resources
2023-11-10 23:15:18,737 [Worker-51: Building] INFO  o.a.m.s.f.DefaultMavenResourcesFiltering - Copying 1 resource from src\main\resources to target\classes
2023-11-10 23:15:18,747 [Worker-51: Building] INFO  o.a.m.s.f.DefaultMavenResourcesFiltering - Copying 0 resource from src\main\resources to target\classes
2023-11-10 23:15:18,749 [Worker-51: Building] INFO  o.a.m.s.f.DefaultMavenResourcesFiltering - skip non existing resourceDirectory C:\LakshmiNarayanan\Trainings\Microservices\EmploymentServices\employmentservice\src\test\resources
2023-11-10 23:18:01,540 [Worker-53: Building] INFO  o.a.m.s.f.DefaultMavenResourcesFiltering - Copying 1 resource from src\main\resources to target\classes
2023-11-10 23:18:01,545 [Worker-53: Building] INFO  o.a.m.s.f.DefaultMavenResourcesFiltering - Copying 0 resource from src\main\resources to target\classes
2023-11-10 23:18:01,549 [Worker-53: Building] INFO  o.a.m.s.f.DefaultMavenResourcesFiltering - skip non existing resourceDirectory C:\LakshmiNarayanan\Trainings\Microservices\EmploymentServices\employmentservice\src\test\resources
2023-11-10 23:18:12,699 [Worker-55: Building] INFO  o.a.m.s.f.DefaultMavenResourcesFiltering - Copying 1 resource from src\main\resources to target\classes
2023-11-10 23:18:12,704 [Worker-55: Building] INFO  o.a.m.s.f.DefaultMavenResourcesFiltering - Copying 0 resource from src\main\resources to target\classes
2023-11-10 23:18:12,706 [Worker-55: Building] INFO  o.a.m.s.f.DefaultMavenResourcesFiltering - skip non existing resourceDirectory C:\LakshmiNarayanan\Trainings\Microservices\EmploymentServices\employmentservice\src\test\resources
2023-11-10 23:19:56,811 [Worker-48: Building] INFO  o.a.m.s.f.DefaultMavenResourcesFiltering - Copying 1 resource from src\main\resources to target\classes
2023-11-10 23:19:56,814 [Worker-48: Building] INFO  o.a.m.s.f.DefaultMavenResourcesFiltering - Copying 0 resource from src\main\resources to target\classes
2023-11-10 23:19:56,816 [Worker-48: Building] INFO  o.a.m.s.f.DefaultMavenResourcesFiltering - skip non existing resourceDirectory C:\LakshmiNarayanan\Trainings\Microservices\EmploymentServices\employmentservice\src\test\resources
2023-11-10 23:20:25,928 [Worker-51: Building] INFO  o.a.m.s.f.DefaultMavenResourcesFiltering - Copying 1 resource from src\main\resources to target\classes
2023-11-10 23:20:25,931 [Worker-51: Building] INFO  o.a.m.s.f.DefaultMavenResourcesFiltering - Copying 0 resource from src\main\resources to target\classes
2023-11-10 23:20:25,934 [Worker-51: Building] INFO  o.a.m.s.f.DefaultMavenResourcesFiltering - skip non existing resourceDirectory C:\LakshmiNarayanan\Trainings\Microservices\EmploymentServices\employmentservice\src\test\resources
2023-11-10 23:20:52,843 [Worker-48: Building] INFO  o.a.m.s.f.DefaultMavenResourcesFiltering - Copying 1 resource from src\main\resources to target\classes
2023-11-10 23:20:52,845 [Worker-48: Building] INFO  o.a.m.s.f.DefaultMavenResourcesFiltering - Copying 0 resource from src\main\resources to target\classes
2023-11-10 23:20:52,848 [Worker-48: Building] INFO  o.a.m.s.f.DefaultMavenResourcesFiltering - skip non existing resourceDirectory C:\LakshmiNarayanan\Trainings\Microservices\EmploymentServices\employmentservice\src\test\resources
2023-11-10 23:21:02,781 [Worker-48: Building] INFO  o.a.m.s.f.DefaultMavenResourcesFiltering - Copying 1 resource from src\main\resources to target\classes
2023-11-10 23:21:02,786 [Worker-48: Building] INFO  o.a.m.s.f.DefaultMavenResourcesFiltering - Copying 0 resource from src\main\resources to target\classes
2023-11-10 23:21:02,789 [Worker-48: Building] INFO  o.a.m.s.f.DefaultMavenResourcesFiltering - skip non existing resourceDirectory C:\LakshmiNarayanan\Trainings\Microservices\EmploymentServices\employmentservice\src\test\resources
2023-11-10 23:21:12,718 [Worker-54: Building] INFO  o.a.m.s.f.DefaultMavenResourcesFiltering - Copying 1 resource from src\main\resources to target\classes
2023-11-10 23:21:12,722 [Worker-54: Building] INFO  o.a.m.s.f.DefaultMavenResourcesFiltering - Copying 0 resource from src\main\resources to target\classes
2023-11-10 23:21:12,725 [Worker-54: Building] INFO  o.a.m.s.f.DefaultMavenResourcesFiltering - skip non existing resourceDirectory C:\LakshmiNarayanan\Trainings\Microservices\EmploymentServices\employmentservice\src\test\resources
2023-11-10 23:22:21,076 [main] INFO  o.e.m2e.actions.ExecutePomAction - Using existing launch configuration
2023-11-10 23:22:21,109 [Worker-53: Launching employmentservice] INFO  o.e.m.i.launch.MavenLaunchDelegate - Run build in "C:\LakshmiNarayanan\Trainings\Microservices\EmploymentServices\employmentservice":
2023-11-10 23:22:21,110 [Worker-53: Launching employmentservice] INFO  o.e.m.i.launch.MavenLaunchDelegate -  mvn  -B -Dstyle.color=always clean install
2023-11-10 23:23:41,719 [Worker-53: Building] INFO  o.a.m.s.f.DefaultMavenResourcesFiltering - Copying 1 resource from src\main\resources to target\classes
2023-11-10 23:23:41,724 [Worker-53: Building] INFO  o.a.m.s.f.DefaultMavenResourcesFiltering - Copying 0 resource from src\main\resources to target\classes
2023-11-10 23:23:41,727 [Worker-53: Building] INFO  o.a.m.s.f.DefaultMavenResourcesFiltering - skip non existing resourceDirectory C:\LakshmiNarayanan\Trainings\Microservices\EmploymentServices\employmentservice\src\test\resources
2023-11-10 23:23:52,848 [Worker-53: Building] INFO  o.a.m.s.f.DefaultMavenResourcesFiltering - Copying 1 resource from src\main\resources to target\classes
2023-11-10 23:23:52,853 [Worker-53: Building] INFO  o.a.m.s.f.DefaultMavenResourcesFiltering - Copying 0 resource from src\main\resources to target\classes
2023-11-10 23:23:52,855 [Worker-53: Building] INFO  o.a.m.s.f.DefaultMavenResourcesFiltering - skip non existing resourceDirectory C:\LakshmiNarayanan\Trainings\Microservices\EmploymentServices\employmentservice\src\test\resources
2023-11-10 23:24:08,103 [Worker-58: Building] INFO  o.a.m.s.f.DefaultMavenResourcesFiltering - Copying 1 resource from src\main\resources to target\classes
2023-11-10 23:24:08,109 [Worker-58: Building] INFO  o.a.m.s.f.DefaultMavenResourcesFiltering - Copying 0 resource from src\main\resources to target\classes
2023-11-10 23:24:08,111 [Worker-58: Building] INFO  o.a.m.s.f.DefaultMavenResourcesFiltering - skip non existing resourceDirectory C:\LakshmiNarayanan\Trainings\Microservices\EmploymentServices\employmentservice\src\test\resources
2023-11-10 23:24:12,340 [Worker-53: Building] INFO  o.a.m.s.f.DefaultMavenResourcesFiltering - Copying 1 resource from src\main\resources to target\classes
2023-11-10 23:24:12,344 [Worker-53: Building] INFO  o.a.m.s.f.DefaultMavenResourcesFiltering - Copying 0 resource from src\main\resources to target\classes
2023-11-10 23:24:12,347 [Worker-53: Building] INFO  o.a.m.s.f.DefaultMavenResourcesFiltering - skip non existing resourceDirectory C:\LakshmiNarayanan\Trainings\Microservices\EmploymentServices\employmentservice\src\test\resources
2023-11-10 23:24:57,512 [Worker-57: Building] INFO  o.a.m.s.f.DefaultMavenResourcesFiltering - Copying 1 resource from src\main\resources to target\classes
2023-11-10 23:24:57,515 [Worker-57: Building] INFO  o.a.m.s.f.DefaultMavenResourcesFiltering - Copying 0 resource from src\main\resources to target\classes
2023-11-10 23:24:57,518 [Worker-57: Building] INFO  o.a.m.s.f.DefaultMavenResourcesFiltering - skip non existing resourceDirectory C:\LakshmiNarayanan\Trainings\Microservices\EmploymentServices\employmentservice\src\test\resources
2023-11-10 23:25:13,656 [Worker-58: Building] INFO  o.a.m.s.f.DefaultMavenResourcesFiltering - Copying 1 resource from src\main\resources to target\classes
2023-11-10 23:25:13,658 [Worker-58: Building] INFO  o.a.m.s.f.DefaultMavenResourcesFiltering - Copying 0 resource from src\main\resources to target\classes
2023-11-10 23:25:13,661 [Worker-58: Building] INFO  o.a.m.s.f.DefaultMavenResourcesFiltering - skip non existing resourceDirectory C:\LakshmiNarayanan\Trainings\Microservices\EmploymentServices\employmentservice\src\test\resources
2023-11-10 23:25:38,366 [Worker-54: Building] INFO  o.a.m.s.f.DefaultMavenResourcesFiltering - Copying 1 resource from src\main\resources to target\classes
2023-11-10 23:25:38,370 [Worker-54: Building] INFO  o.a.m.s.f.DefaultMavenResourcesFiltering - Copying 0 resource from src\main\resources to target\classes
2023-11-10 23:25:38,373 [Worker-54: Building] INFO  o.a.m.s.f.DefaultMavenResourcesFiltering - skip non existing resourceDirectory C:\LakshmiNarayanan\Trainings\Microservices\EmploymentServices\employmentservice\src\test\resources
2023-11-10 23:25:52,930 [Worker-57: Building] INFO  o.a.m.s.f.DefaultMavenResourcesFiltering - Copying 1 resource from src\main\resources to target\classes
2023-11-10 23:25:52,935 [Worker-57: Building] INFO  o.a.m.s.f.DefaultMavenResourcesFiltering - Copying 0 resource from src\main\resources to target\classes
2023-11-10 23:25:52,938 [Worker-57: Building] INFO  o.a.m.s.f.DefaultMavenResourcesFiltering - skip non existing resourceDirectory C:\LakshmiNarayanan\Trainings\Microservices\EmploymentServices\employmentservice\src\test\resources
2023-11-10 23:26:34,994 [Worker-53: Building] INFO  o.a.m.s.f.DefaultMavenResourcesFiltering - Copying 1 resource from src\main\resources to target\classes
2023-11-10 23:26:34,998 [Worker-53: Building] INFO  o.a.m.s.f.DefaultMavenResourcesFiltering - Copying 0 resource from src\main\resources to target\classes
2023-11-10 23:26:35,001 [Worker-53: Building] INFO  o.a.m.s.f.DefaultMavenResourcesFiltering - skip non existing resourceDirectory C:\LakshmiNarayanan\Trainings\Microservices\EmploymentServices\employmentservice\src\test\resources
2023-11-10 23:27:12,128 [Worker-53: Building] INFO  o.a.m.s.f.DefaultMavenResourcesFiltering - Copying 1 resource from src\main\resources to target\classes
2023-11-10 23:27:12,131 [Worker-53: Building] INFO  o.a.m.s.f.DefaultMavenResourcesFiltering - Copying 0 resource from src\main\resources to target\classes
2023-11-10 23:27:12,134 [Worker-53: Building] INFO  o.a.m.s.f.DefaultMavenResourcesFiltering - skip non existing resourceDirectory C:\LakshmiNarayanan\Trainings\Microservices\EmploymentServices\employmentservice\src\test\resources
2023-11-10 23:27:25,988 [Worker-57: Building] INFO  o.a.m.s.f.DefaultMavenResourcesFiltering - Copying 1 resource from src\main\resources to target\classes
2023-11-10 23:27:25,992 [Worker-57: Building] INFO  o.a.m.s.f.DefaultMavenResourcesFiltering - Copying 0 resource from src\main\resources to target\classes
2023-11-10 23:27:25,994 [Worker-57: Building] INFO  o.a.m.s.f.DefaultMavenResourcesFiltering - skip non existing resourceDirectory C:\LakshmiNarayanan\Trainings\Microservices\EmploymentServices\employmentservice\src\test\resources
2023-11-10 23:29:01,947 [Worker-53: Building] INFO  o.a.m.s.f.DefaultMavenResourcesFiltering - Copying 1 resource from src\main\resources to target\classes
2023-11-10 23:29:01,953 [Worker-53: Building] INFO  o.a.m.s.f.DefaultMavenResourcesFiltering - Copying 0 resource from src\main\resources to target\classes
2023-11-10 23:29:01,956 [Worker-53: Building] INFO  o.a.m.s.f.DefaultMavenResourcesFiltering - skip non existing resourceDirectory C:\LakshmiNarayanan\Trainings\Microservices\EmploymentServices\employmentservice\src\test\resources
2023-11-10 23:30:11,206 [Worker-57: Building] INFO  o.a.m.s.f.DefaultMavenResourcesFiltering - Copying 1 resource from src\main\resources to target\classes
2023-11-10 23:30:11,209 [Worker-57: Building] INFO  o.a.m.s.f.DefaultMavenResourcesFiltering - Copying 0 resource from src\main\resources to target\classes
2023-11-10 23:30:11,212 [Worker-57: Building] INFO  o.a.m.s.f.DefaultMavenResourcesFiltering - skip non existing resourceDirectory C:\LakshmiNarayanan\Trainings\Microservices\EmploymentServices\employmentservice\src\test\resources
2023-11-10 23:30:15,474 [Worker-57: Building] INFO  o.a.m.s.f.DefaultMavenResourcesFiltering - Copying 1 resource from src\main\resources to target\classes
2023-11-10 23:30:15,480 [Worker-57: Building] INFO  o.a.m.s.f.DefaultMavenResourcesFiltering - Copying 0 resource from src\main\resources to target\classes
2023-11-10 23:30:15,482 [Worker-57: Building] INFO  o.a.m.s.f.DefaultMavenResourcesFiltering - skip non existing resourceDirectory C:\LakshmiNarayanan\Trainings\Microservices\EmploymentServices\employmentservice\src\test\resources
2023-11-10 23:31:26,659 [Worker-57: Building] INFO  o.a.m.s.f.DefaultMavenResourcesFiltering - Copying 1 resource from src\main\resources to target\classes
2023-11-10 23:31:26,664 [Worker-57: Building] INFO  o.a.m.s.f.DefaultMavenResourcesFiltering - Copying 0 resource from src\main\resources to target\classes
2023-11-10 23:31:26,668 [Worker-57: Building] INFO  o.a.m.s.f.DefaultMavenResourcesFiltering - skip non existing resourceDirectory C:\LakshmiNarayanan\Trainings\Microservices\EmploymentServices\employmentservice\src\test\resources
2023-11-10 23:32:52,564 [Worker-60: Building] INFO  o.a.m.s.f.DefaultMavenResourcesFiltering - Copying 1 resource from src\main\resources to target\classes
2023-11-10 23:32:52,566 [Worker-60: Building] INFO  o.a.m.s.f.DefaultMavenResourcesFiltering - Copying 0 resource from src\main\resources to target\classes
2023-11-10 23:32:52,569 [Worker-60: Building] INFO  o.a.m.s.f.DefaultMavenResourcesFiltering - skip non existing resourceDirectory C:\LakshmiNarayanan\Trainings\Microservices\EmploymentServices\employmentservice\src\test\resources
2023-11-10 23:37:01,955 [Worker-62: Building] INFO  o.a.m.s.f.DefaultMavenResourcesFiltering - Copying 1 resource from src\main\resources to target\classes
2023-11-10 23:37:01,966 [Worker-62: Building] INFO  o.a.m.s.f.DefaultMavenResourcesFiltering - Copying 0 resource from src\main\resources to target\classes
2023-11-10 23:37:01,970 [Worker-62: Building] INFO  o.a.m.s.f.DefaultMavenResourcesFiltering - skip non existing resourceDirectory C:\LakshmiNarayanan\Trainings\Microservices\EmploymentServices\employmentservice\src\test\resources
2023-11-10 23:37:32,974 [Worker-62: Building] INFO  o.a.m.s.f.DefaultMavenResourcesFiltering - Copying 1 resource from src\main\resources to target\classes
2023-11-10 23:37:32,980 [Worker-62: Building] INFO  o.a.m.s.f.DefaultMavenResourcesFiltering - Copying 0 resource from src\main\resources to target\classes
2023-11-10 23:37:32,984 [Worker-62: Building] INFO  o.a.m.s.f.DefaultMavenResourcesFiltering - skip non existing resourceDirectory C:\LakshmiNarayanan\Trainings\Microservices\EmploymentServices\employmentservice\src\test\resources
2023-11-10 23:38:22,750 [Worker-54: Building] INFO  o.a.m.s.f.DefaultMavenResourcesFiltering - Copying 1 resource from src\main\resources to target\classes
2023-11-10 23:38:22,752 [Worker-54: Building] INFO  o.a.m.s.f.DefaultMavenResourcesFiltering - Copying 0 resource from src\main\resources to target\classes
2023-11-10 23:38:22,771 [Worker-54: Building] INFO  o.a.m.s.f.DefaultMavenResourcesFiltering - skip non existing resourceDirectory C:\LakshmiNarayanan\Trainings\Microservices\EmploymentServices\employmentservice\src\test\resources
2023-11-10 23:40:00,634 [Worker-59: Building] INFO  o.a.m.s.f.DefaultMavenResourcesFiltering - Copying 1 resource from src\main\resources to target\classes
2023-11-10 23:40:00,637 [Worker-59: Building] INFO  o.a.m.s.f.DefaultMavenResourcesFiltering - Copying 0 resource from src\main\resources to target\classes
2023-11-10 23:40:00,639 [Worker-59: Building] INFO  o.a.m.s.f.DefaultMavenResourcesFiltering - skip non existing resourceDirectory C:\LakshmiNarayanan\Trainings\Microservices\EmploymentServices\employmentservice\src\test\resources
2023-11-10 23:40:08,874 [main] INFO  o.e.m2e.actions.ExecutePomAction - Using existing launch configuration
2023-11-10 23:40:08,886 [Worker-61: Launching employmentservice] INFO  o.e.m.i.launch.MavenLaunchDelegate - Run build in "C:\LakshmiNarayanan\Trainings\Microservices\EmploymentServices\employmentservice":
2023-11-10 23:40:08,887 [Worker-61: Launching employmentservice] INFO  o.e.m.i.launch.MavenLaunchDelegate -  mvn  -B -Dstyle.color=always clean install
